<?xml version="1.0" encoding="UTF-8"?>
<testng-results ignored="0" total="5" passed="3" failed="2" skipped="0">
  <reporter-output>
  </reporter-output>
  <suite started-at="2022-03-15T22:18:49 IST" name="Suite1" finished-at="2022-03-15T22:20:25 IST" duration-ms="95609">
    <groups>
      <group name="cucumber">
        <method signature="AbstractTestNGCucumberTests.runScenario(io.cucumber.testng.PickleWrapper,io.cucumber.testng.FeatureWrapper)[pri:0, instance:com.iscp.tests.CucumberRunnerTests@4d1c00d0]" name="runScenario" class="io.cucumber.testng.AbstractTestNGCucumberTests"/>
      </group> <!-- cucumber -->
    </groups>
    <test started-at="2022-03-15T22:18:49 IST" name="Test Demo" finished-at="2022-03-15T22:20:25 IST" duration-ms="95609">
      <class name="com.iscp.tests.CucumberRunnerTests">
        <test-method is-config="true" signature="setUpClass(org.testng.ITestContext)[pri:0, instance:com.iscp.tests.CucumberRunnerTests@4d1c00d0]" started-at="2022-03-15T22:18:49 IST" name="setUpClass" finished-at="2022-03-15T22:18:49 IST" duration-ms="245" status="PASS">
          <params>
            <param index="0">
              <value>
                <![CDATA[org.testng.TestRunner@23444a36]]>
              </value>
            </param>
          </params>
          <reporter-output>
          </reporter-output>
        </test-method> <!-- setUpClass -->
        <test-method signature="runScenario(io.cucumber.testng.PickleWrapper,io.cucumber.testng.FeatureWrapper)[pri:0, instance:com.iscp.tests.CucumberRunnerTests@4d1c00d0]" started-at="2022-03-15T22:18:49 IST" name="runScenario" description="Runs Cucumber Scenarios" data-provider="scenarios" finished-at="2022-03-15T22:19:21 IST" duration-ms="31551" status="PASS">
          <params>
            <param index="0">
              <value>
                <![CDATA["Scenario - Login with valid credentials"]]>
              </value>
            </param>
            <param index="1">
              <value>
                <![CDATA["Optional[Feature - Login to HRM Application]"]]>
              </value>
            </param>
          </params>
          <reporter-output>
          </reporter-output>
        </test-method> <!-- runScenario -->
        <test-method signature="runScenario(io.cucumber.testng.PickleWrapper,io.cucumber.testng.FeatureWrapper)[pri:0, instance:com.iscp.tests.CucumberRunnerTests@4d1c00d0]" started-at="2022-03-15T22:19:21 IST" name="runScenario" description="Runs Cucumber Scenarios" data-provider="scenarios" finished-at="2022-03-15T22:19:38 IST" duration-ms="16650" status="PASS">
          <params>
            <param index="0">
              <value>
                <![CDATA["Scenario -Login with invalid credentials"]]>
              </value>
            </param>
            <param index="1">
              <value>
                <![CDATA["Optional[Feature - Login to HRM Application]"]]>
              </value>
            </param>
          </params>
          <reporter-output>
          </reporter-output>
        </test-method> <!-- runScenario -->
        <test-method signature="runScenario(io.cucumber.testng.PickleWrapper,io.cucumber.testng.FeatureWrapper)[pri:0, instance:com.iscp.tests.CucumberRunnerTests@4d1c00d0]" started-at="2022-03-15T22:19:38 IST" name="runScenario" description="Runs Cucumber Scenarios" data-provider="scenarios" finished-at="2022-03-15T22:19:58 IST" duration-ms="20595" status="FAIL">
          <params>
            <param index="0">
              <value>
                <![CDATA["Scenario -Login with invalid credentials"]]>
              </value>
            </param>
            <param index="1">
              <value>
                <![CDATA["Optional[Feature - Login to HRM Application]"]]>
              </value>
            </param>
          </params>
          <exception class="java.lang.AssertionError">
            <message>
              <![CDATA[expected [Username can be empty] but found [Username cannot be empty]]]>
            </message>
            <full-stacktrace>
              <![CDATA[java.lang.AssertionError: expected [Username can be empty] but found [Username cannot be empty]
at org.testng.Assert.fail(Assert.java:110)
at org.testng.Assert.failNotEquals(Assert.java:1413)
at org.testng.Assert.assertEqualsImpl(Assert.java:149)
at org.testng.Assert.assertEquals(Assert.java:131)
at org.testng.Assert.assertEquals(Assert.java:655)
at org.testng.Assert.assertEquals(Assert.java:665)
at com.iscp.stepDefinitions.LoginDefinition.unsucessfulLogin(LoginDefinition.java:38)
at ✽.Error message "Username can be empty" should be displayed(file:///Users/sara/Documents/TestAutomationFramework_IBS_ISCP/src/test/java/resources/features/Login.feature:19)
]]>
            </full-stacktrace>
          </exception> <!-- java.lang.AssertionError -->
          <reporter-output>
          </reporter-output>
        </test-method> <!-- runScenario -->
        <test-method signature="runScenario(io.cucumber.testng.PickleWrapper,io.cucumber.testng.FeatureWrapper)[pri:0, instance:com.iscp.tests.CucumberRunnerTests@4d1c00d0]" started-at="2022-03-15T22:19:58 IST" name="runScenario" description="Runs Cucumber Scenarios" data-provider="scenarios" finished-at="2022-03-15T22:20:11 IST" duration-ms="12432" status="FAIL">
          <params>
            <param index="0">
              <value>
                <![CDATA["Scenario -Login with invalid credentials"]]>
              </value>
            </param>
            <param index="1">
              <value>
                <![CDATA["Optional[Feature - Login to HRM Application]"]]>
              </value>
            </param>
          </params>
          <exception class="java.lang.AssertionError">
            <message>
              <![CDATA[expected [Password can be empty] but found [Password cannot be empty]]]>
            </message>
            <full-stacktrace>
              <![CDATA[java.lang.AssertionError: expected [Password can be empty] but found [Password cannot be empty]
at org.testng.Assert.fail(Assert.java:110)
at org.testng.Assert.failNotEquals(Assert.java:1413)
at org.testng.Assert.assertEqualsImpl(Assert.java:149)
at org.testng.Assert.assertEquals(Assert.java:131)
at org.testng.Assert.assertEquals(Assert.java:655)
at org.testng.Assert.assertEquals(Assert.java:665)
at com.iscp.stepDefinitions.LoginDefinition.unsucessfulLogin(LoginDefinition.java:38)
at ✽.Error message "Password can be empty" should be displayed(file:///Users/sara/Documents/TestAutomationFramework_IBS_ISCP/src/test/java/resources/features/Login.feature:19)
]]>
            </full-stacktrace>
          </exception> <!-- java.lang.AssertionError -->
          <reporter-output>
          </reporter-output>
        </test-method> <!-- runScenario -->
        <test-method signature="runScenario(io.cucumber.testng.PickleWrapper,io.cucumber.testng.FeatureWrapper)[pri:0, instance:com.iscp.tests.CucumberRunnerTests@4d1c00d0]" started-at="2022-03-15T22:20:11 IST" name="runScenario" description="Runs Cucumber Scenarios" data-provider="scenarios" finished-at="2022-03-15T22:20:24 IST" duration-ms="13706" status="PASS">
          <params>
            <param index="0">
              <value>
                <![CDATA["Scenario -Login with invalid credentials"]]>
              </value>
            </param>
            <param index="1">
              <value>
                <![CDATA["Optional[Feature - Login to HRM Application]"]]>
              </value>
            </param>
          </params>
          <reporter-output>
          </reporter-output>
        </test-method> <!-- runScenario -->
        <test-method is-config="true" signature="tearDownClass()[pri:0, instance:com.iscp.tests.CucumberRunnerTests@4d1c00d0]" started-at="2022-03-15T22:20:24 IST" name="tearDownClass" finished-at="2022-03-15T22:20:25 IST" duration-ms="377" status="PASS">
          <reporter-output>
          </reporter-output>
        </test-method> <!-- tearDownClass -->
      </class> <!-- com.iscp.tests.CucumberRunnerTests -->
    </test> <!-- Test Demo -->
  </suite> <!-- Suite1 -->
</testng-results>
