<?xml version="1.0" encoding="UTF-8"?>
<testsuite xmlns:xsi="http://www.w3.org/2001/XMLSchema-instance" xsi:schemaLocation="https://maven.apache.org/surefire/maven-surefire-plugin/xsd/surefire-test-report.xsd" name="TestSuite" time="1.48" tests="22" errors="0" skipped="0" failures="0">
  <properties>
[...]
</properties>
  <testcase name="runScenario" classname="com.iscp.tests.TestRunner" time="0.093"/>
  <testcase name="runScenario" classname="com.iscp.tests.TestRunner" time="0.011"/>
  <testcase name="runScenario" classname="com.iscp.tests.TestRunner" time="0.021"/>
  <testcase name="runScenario" classname="com.iscp.tests.TestRunner" time="0.012"/>
  <testcase name="runScenario" classname="com.iscp.tests.TestRunner" time="0.009"/>
  <testcase name="runScenario" classname="com.iscp.tests.TestRunner" time="0.01"/>
  <testcase name="runScenario" classname="com.iscp.tests.TestRunner" time="0.01"/>
  <testcase name="runScenario" classname="com.iscp.tests.TestRunner" time="0.007"/>
  <testcase name="runScenario" classname="com.iscp.tests.TestRunner" time="0.013"/>
  <testcase name="runScenario" classname="com.iscp.tests.TestRunner" time="0.008"/>
  <testcase name="runScenario" classname="com.iscp.tests.TestRunner" time="0.006"/>
  <testcase name="runScenario" classname="com.iscp.tests.TestRunner" time="0.005"/>
  <testcase name="runScenario" classname="com.iscp.tests.TestRunner" time="0.005"/>
  <testcase name="runScenario" classname="com.iscp.tests.TestRunner" time="0.004"/>
  <testcase name="runScenario" classname="com.iscp.tests.TestRunner" time="0.004"/>
  <testcase name="runScenario" classname="com.iscp.tests.TestRunner" time="0.008"/>
  <testcase name="runScenario" classname="com.iscp.tests.TestRunner" time="0.004"/>
  <testcase name="runScenario" classname="com.iscp.tests.TestRunner" time="0.003"/>
  <testcase name="runScenario" classname="com.iscp.tests.TestRunner" time="0.004"/>
  <testcase name="runScenario" classname="com.iscp.tests.TestRunner" time="0.004"/>
  <testcase name="runScenario" classname="com.iscp.tests.TestRunner" time="0.003"/>
  <testcase name="runScenario" classname="com.iscp.tests.TestRunner" time="0.005"/>
</testsuite>