<?xml version="1.0" encoding="UTF-8"?>
<testng-results ignored="0" total="22" passed="22" failed="0" skipped="0">
  <reporter-output>
  </reporter-output>
  <suite started-at="2022-03-11T02:18:06 IST" name="Surefire suite" finished-at="2022-03-11T02:18:07 IST" duration-ms="898">
    <groups>
      <group name="cucumber">
        <method signature="AbstractTestNGCucumberTests.runScenario(io.cucumber.testng.PickleWrapper,io.cucumber.testng.FeatureWrapper)[pri:0, instance:com.iscp.tests.TestRunner@4a22f9e2]" name="runScenario" class="io.cucumber.testng.AbstractTestNGCucumberTests"/>
      </group> <!-- cucumber -->
    </groups>
    <test started-at="2022-03-11T02:18:06 IST" name="Surefire test" finished-at="2022-03-11T02:18:07 IST" duration-ms="898">
      <class name="com.iscp.tests.TestRunner">
        <test-method is-config="true" signature="setUpClass(org.testng.ITestContext)[pri:0, instance:com.iscp.tests.TestRunner@4a22f9e2]" started-at="2022-03-11T02:18:06 IST" name="setUpClass" finished-at="2022-03-11T02:18:06 IST" duration-ms="304" status="PASS">
          <params>
            <param index="0">
              <value>
                <![CDATA[org.testng.TestRunner@3a320ade]]>
              </value>
            </param>
          </params>
          <reporter-output>
          </reporter-output>
        </test-method> <!-- setUpClass -->
        <test-method signature="runScenario(io.cucumber.testng.PickleWrapper,io.cucumber.testng.FeatureWrapper)[pri:0, instance:com.iscp.tests.TestRunner@4a22f9e2]" started-at="2022-03-11T02:18:06 IST" name="runScenario" description="Runs Cucumber Scenarios" data-provider="scenarios" finished-at="2022-03-11T02:18:06 IST" duration-ms="92" status="PASS">
          <params>
            <param index="0">
              <value>
                <![CDATA["To test RatePerKG and Rate of regular and express method getting updated with the change in PinCode"]]>
              </value>
            </param>
            <param index="1">
              <value>
                <![CDATA["Optional[Delivery Selection Page]"]]>
              </value>
            </param>
          </params>
          <reporter-output>
          </reporter-output>
        </test-method> <!-- runScenario -->
        <test-method signature="runScenario(io.cucumber.testng.PickleWrapper,io.cucumber.testng.FeatureWrapper)[pri:0, instance:com.iscp.tests.TestRunner@4a22f9e2]" started-at="2022-03-11T02:18:06 IST" name="runScenario" description="Runs Cucumber Scenarios" data-provider="scenarios" finished-at="2022-03-11T02:18:06 IST" duration-ms="12" status="PASS">
          <params>
            <param index="0">
              <value>
                <![CDATA["To test RatePerKG and Rate of regular and express method getting updated with the change in PinCode"]]>
              </value>
            </param>
            <param index="1">
              <value>
                <![CDATA["Optional[Delivery Selection Page]"]]>
              </value>
            </param>
          </params>
          <reporter-output>
          </reporter-output>
        </test-method> <!-- runScenario -->
        <test-method signature="runScenario(io.cucumber.testng.PickleWrapper,io.cucumber.testng.FeatureWrapper)[pri:0, instance:com.iscp.tests.TestRunner@4a22f9e2]" started-at="2022-03-11T02:18:06 IST" name="runScenario" description="Runs Cucumber Scenarios" data-provider="scenarios" finished-at="2022-03-11T02:18:06 IST" duration-ms="20" status="PASS">
          <params>
            <param index="0">
              <value>
                <![CDATA["To test RatePerKG and Rate of regular and express method getting updated with the change in PinCode"]]>
              </value>
            </param>
            <param index="1">
              <value>
                <![CDATA["Optional[Delivery Selection Page]"]]>
              </value>
            </param>
          </params>
          <reporter-output>
          </reporter-output>
        </test-method> <!-- runScenario -->
        <test-method signature="runScenario(io.cucumber.testng.PickleWrapper,io.cucumber.testng.FeatureWrapper)[pri:0, instance:com.iscp.tests.TestRunner@4a22f9e2]" started-at="2022-03-11T02:18:06 IST" name="runScenario" description="Runs Cucumber Scenarios" data-provider="scenarios" finished-at="2022-03-11T02:18:06 IST" duration-ms="12" status="PASS">
          <params>
            <param index="0">
              <value>
                <![CDATA["To test RatePerKG and Rate of regular and express method getting updated with the change in PinCode"]]>
              </value>
            </param>
            <param index="1">
              <value>
                <![CDATA["Optional[Delivery Selection Page]"]]>
              </value>
            </param>
          </params>
          <reporter-output>
          </reporter-output>
        </test-method> <!-- runScenario -->
        <test-method signature="runScenario(io.cucumber.testng.PickleWrapper,io.cucumber.testng.FeatureWrapper)[pri:0, instance:com.iscp.tests.TestRunner@4a22f9e2]" started-at="2022-03-11T02:18:06 IST" name="runScenario" description="Runs Cucumber Scenarios" data-provider="scenarios" finished-at="2022-03-11T02:18:06 IST" duration-ms="11" status="PASS">
          <params>
            <param index="0">
              <value>
                <![CDATA["To test RatePerKG and Rate of regular and express method getting updated with the change in PinCode"]]>
              </value>
            </param>
            <param index="1">
              <value>
                <![CDATA["Optional[Delivery Selection Page]"]]>
              </value>
            </param>
          </params>
          <reporter-output>
          </reporter-output>
        </test-method> <!-- runScenario -->
        <test-method signature="runScenario(io.cucumber.testng.PickleWrapper,io.cucumber.testng.FeatureWrapper)[pri:0, instance:com.iscp.tests.TestRunner@4a22f9e2]" started-at="2022-03-11T02:18:06 IST" name="runScenario" description="Runs Cucumber Scenarios" data-provider="scenarios" finished-at="2022-03-11T02:18:07 IST" duration-ms="10" status="PASS">
          <params>
            <param index="0">
              <value>
                <![CDATA["To test RatePerKG and Rate of regular and express method getting updated with the change in PinCode"]]>
              </value>
            </param>
            <param index="1">
              <value>
                <![CDATA["Optional[Delivery Selection Page]"]]>
              </value>
            </param>
          </params>
          <reporter-output>
          </reporter-output>
        </test-method> <!-- runScenario -->
        <test-method signature="runScenario(io.cucumber.testng.PickleWrapper,io.cucumber.testng.FeatureWrapper)[pri:0, instance:com.iscp.tests.TestRunner@4a22f9e2]" started-at="2022-03-11T02:18:07 IST" name="runScenario" description="Runs Cucumber Scenarios" data-provider="scenarios" finished-at="2022-03-11T02:18:07 IST" duration-ms="9" status="PASS">
          <params>
            <param index="0">
              <value>
                <![CDATA["To test RatePerKG and Rate of regular and express method getting updated with the change in PinCode"]]>
              </value>
            </param>
            <param index="1">
              <value>
                <![CDATA["Optional[Delivery Selection Page]"]]>
              </value>
            </param>
          </params>
          <reporter-output>
          </reporter-output>
        </test-method> <!-- runScenario -->
        <test-method signature="runScenario(io.cucumber.testng.PickleWrapper,io.cucumber.testng.FeatureWrapper)[pri:0, instance:com.iscp.tests.TestRunner@4a22f9e2]" started-at="2022-03-11T02:18:07 IST" name="runScenario" description="Runs Cucumber Scenarios" data-provider="scenarios" finished-at="2022-03-11T02:18:07 IST" duration-ms="9" status="PASS">
          <params>
            <param index="0">
              <value>
                <![CDATA["To test RatePerKG and Rate of regular and express method getting updated with the change in PinCode"]]>
              </value>
            </param>
            <param index="1">
              <value>
                <![CDATA["Optional[Delivery Selection Page]"]]>
              </value>
            </param>
          </params>
          <reporter-output>
          </reporter-output>
        </test-method> <!-- runScenario -->
        <test-method signature="runScenario(io.cucumber.testng.PickleWrapper,io.cucumber.testng.FeatureWrapper)[pri:0, instance:com.iscp.tests.TestRunner@4a22f9e2]" started-at="2022-03-11T02:18:07 IST" name="runScenario" description="Runs Cucumber Scenarios" data-provider="scenarios" finished-at="2022-03-11T02:18:07 IST" duration-ms="13" status="PASS">
          <params>
            <param index="0">
              <value>
                <![CDATA["To test RatePerKG and Rate of regular and express method getting updated with the change in PinCode"]]>
              </value>
            </param>
            <param index="1">
              <value>
                <![CDATA["Optional[Delivery Selection Page]"]]>
              </value>
            </param>
          </params>
          <reporter-output>
          </reporter-output>
        </test-method> <!-- runScenario -->
        <test-method signature="runScenario(io.cucumber.testng.PickleWrapper,io.cucumber.testng.FeatureWrapper)[pri:0, instance:com.iscp.tests.TestRunner@4a22f9e2]" started-at="2022-03-11T02:18:07 IST" name="runScenario" description="Runs Cucumber Scenarios" data-provider="scenarios" finished-at="2022-03-11T02:18:07 IST" duration-ms="8" status="PASS">
          <params>
            <param index="0">
              <value>
                <![CDATA["To test RatePerKG and Rate of regular and express method getting updated with the change in PinCode"]]>
              </value>
            </param>
            <param index="1">
              <value>
                <![CDATA["Optional[Delivery Selection Page]"]]>
              </value>
            </param>
          </params>
          <reporter-output>
          </reporter-output>
        </test-method> <!-- runScenario -->
        <test-method signature="runScenario(io.cucumber.testng.PickleWrapper,io.cucumber.testng.FeatureWrapper)[pri:0, instance:com.iscp.tests.TestRunner@4a22f9e2]" started-at="2022-03-11T02:18:07 IST" name="runScenario" description="Runs Cucumber Scenarios" data-provider="scenarios" finished-at="2022-03-11T02:18:07 IST" duration-ms="5" status="PASS">
          <params>
            <param index="0">
              <value>
                <![CDATA["To test RatePerKG and Rate of regular and express method getting updated with the change in PinCode"]]>
              </value>
            </param>
            <param index="1">
              <value>
                <![CDATA["Optional[Delivery Selection Page]"]]>
              </value>
            </param>
          </params>
          <reporter-output>
          </reporter-output>
        </test-method> <!-- runScenario -->
        <test-method signature="runScenario(io.cucumber.testng.PickleWrapper,io.cucumber.testng.FeatureWrapper)[pri:0, instance:com.iscp.tests.TestRunner@4a22f9e2]" started-at="2022-03-11T02:18:07 IST" name="runScenario" description="Runs Cucumber Scenarios" data-provider="scenarios" finished-at="2022-03-11T02:18:07 IST" duration-ms="5" status="PASS">
          <params>
            <param index="0">
              <value>
                <![CDATA["To test RatePerKG and Rate of regular and express method getting updated with the change in PinCode"]]>
              </value>
            </param>
            <param index="1">
              <value>
                <![CDATA["Optional[Delivery Selection Page]"]]>
              </value>
            </param>
          </params>
          <reporter-output>
          </reporter-output>
        </test-method> <!-- runScenario -->
        <test-method signature="runScenario(io.cucumber.testng.PickleWrapper,io.cucumber.testng.FeatureWrapper)[pri:0, instance:com.iscp.tests.TestRunner@4a22f9e2]" started-at="2022-03-11T02:18:07 IST" name="runScenario" description="Runs Cucumber Scenarios" data-provider="scenarios" finished-at="2022-03-11T02:18:07 IST" duration-ms="4" status="PASS">
          <params>
            <param index="0">
              <value>
                <![CDATA["To test RatePerKG and Rate of regular and express method getting updated with the change in PinCode"]]>
              </value>
            </param>
            <param index="1">
              <value>
                <![CDATA["Optional[Delivery Selection Page]"]]>
              </value>
            </param>
          </params>
          <reporter-output>
          </reporter-output>
        </test-method> <!-- runScenario -->
        <test-method signature="runScenario(io.cucumber.testng.PickleWrapper,io.cucumber.testng.FeatureWrapper)[pri:0, instance:com.iscp.tests.TestRunner@4a22f9e2]" started-at="2022-03-11T02:18:07 IST" name="runScenario" description="Runs Cucumber Scenarios" data-provider="scenarios" finished-at="2022-03-11T02:18:07 IST" duration-ms="4" status="PASS">
          <params>
            <param index="0">
              <value>
                <![CDATA["To test RatePerKG and Rate of regular and express method getting updated with the change in PinCode"]]>
              </value>
            </param>
            <param index="1">
              <value>
                <![CDATA["Optional[Delivery Selection Page]"]]>
              </value>
            </param>
          </params>
          <reporter-output>
          </reporter-output>
        </test-method> <!-- runScenario -->
        <test-method signature="runScenario(io.cucumber.testng.PickleWrapper,io.cucumber.testng.FeatureWrapper)[pri:0, instance:com.iscp.tests.TestRunner@4a22f9e2]" started-at="2022-03-11T02:18:07 IST" name="runScenario" description="Runs Cucumber Scenarios" data-provider="scenarios" finished-at="2022-03-11T02:18:07 IST" duration-ms="4" status="PASS">
          <params>
            <param index="0">
              <value>
                <![CDATA["To test RatePerKG and Rate of regular and express method getting updated with the change in PinCode"]]>
              </value>
            </param>
            <param index="1">
              <value>
                <![CDATA["Optional[Delivery Selection Page]"]]>
              </value>
            </param>
          </params>
          <reporter-output>
          </reporter-output>
        </test-method> <!-- runScenario -->
        <test-method signature="runScenario(io.cucumber.testng.PickleWrapper,io.cucumber.testng.FeatureWrapper)[pri:0, instance:com.iscp.tests.TestRunner@4a22f9e2]" started-at="2022-03-11T02:18:07 IST" name="runScenario" description="Runs Cucumber Scenarios" data-provider="scenarios" finished-at="2022-03-11T02:18:07 IST" duration-ms="8" status="PASS">
          <params>
            <param index="0">
              <value>
                <![CDATA["To test RatePerKG and Rate of regular and express method getting updated with the change in PinCode"]]>
              </value>
            </param>
            <param index="1">
              <value>
                <![CDATA["Optional[Delivery Selection Page]"]]>
              </value>
            </param>
          </params>
          <reporter-output>
          </reporter-output>
        </test-method> <!-- runScenario -->
        <test-method signature="runScenario(io.cucumber.testng.PickleWrapper,io.cucumber.testng.FeatureWrapper)[pri:0, instance:com.iscp.tests.TestRunner@4a22f9e2]" started-at="2022-03-11T02:18:07 IST" name="runScenario" description="Runs Cucumber Scenarios" data-provider="scenarios" finished-at="2022-03-11T02:18:07 IST" duration-ms="5" status="PASS">
          <params>
            <param index="0">
              <value>
                <![CDATA["To test the delivery method and price updated in order summary with the selection of delivery method"]]>
              </value>
            </param>
            <param index="1">
              <value>
                <![CDATA["Optional[Delivery Selection Page]"]]>
              </value>
            </param>
          </params>
          <reporter-output>
          </reporter-output>
        </test-method> <!-- runScenario -->
        <test-method signature="runScenario(io.cucumber.testng.PickleWrapper,io.cucumber.testng.FeatureWrapper)[pri:0, instance:com.iscp.tests.TestRunner@4a22f9e2]" started-at="2022-03-11T02:18:07 IST" name="runScenario" description="Runs Cucumber Scenarios" data-provider="scenarios" finished-at="2022-03-11T02:18:07 IST" duration-ms="3" status="PASS">
          <params>
            <param index="0">
              <value>
                <![CDATA["To test the checking out of items in cart"]]>
              </value>
            </param>
            <param index="1">
              <value>
                <![CDATA["Optional[Shopping Cart]"]]>
              </value>
            </param>
          </params>
          <reporter-output>
          </reporter-output>
        </test-method> <!-- runScenario -->
        <test-method signature="runScenario(io.cucumber.testng.PickleWrapper,io.cucumber.testng.FeatureWrapper)[pri:0, instance:com.iscp.tests.TestRunner@4a22f9e2]" started-at="2022-03-11T02:18:07 IST" name="runScenario" description="Runs Cucumber Scenarios" data-provider="scenarios" finished-at="2022-03-11T02:18:07 IST" duration-ms="4" status="PASS">
          <params>
            <param index="0">
              <value>
                <![CDATA["To test the items and its details are non editable"]]>
              </value>
            </param>
            <param index="1">
              <value>
                <![CDATA["Optional[Shopping Cart]"]]>
              </value>
            </param>
          </params>
          <reporter-output>
          </reporter-output>
        </test-method> <!-- runScenario -->
        <test-method signature="runScenario(io.cucumber.testng.PickleWrapper,io.cucumber.testng.FeatureWrapper)[pri:0, instance:com.iscp.tests.TestRunner@4a22f9e2]" started-at="2022-03-11T02:18:07 IST" name="runScenario" description="Runs Cucumber Scenarios" data-provider="scenarios" finished-at="2022-03-11T02:18:07 IST" duration-ms="4" status="PASS">
          <params>
            <param index="0">
              <value>
                <![CDATA["To test the price of items in cart and in order summary"]]>
              </value>
            </param>
            <param index="1">
              <value>
                <![CDATA["Optional[Shopping Cart]"]]>
              </value>
            </param>
          </params>
          <reporter-output>
          </reporter-output>
        </test-method> <!-- runScenario -->
        <test-method signature="runScenario(io.cucumber.testng.PickleWrapper,io.cucumber.testng.FeatureWrapper)[pri:0, instance:com.iscp.tests.TestRunner@4a22f9e2]" started-at="2022-03-11T02:18:07 IST" name="runScenario" description="Runs Cucumber Scenarios" data-provider="scenarios" finished-at="2022-03-11T02:18:07 IST" duration-ms="3" status="PASS">
          <params>
            <param index="0">
              <value>
                <![CDATA["To Test the checking out of items in cart"]]>
              </value>
            </param>
            <param index="1">
              <value>
                <![CDATA["Optional[Shopping Cart]"]]>
              </value>
            </param>
          </params>
          <reporter-output>
          </reporter-output>
        </test-method> <!-- runScenario -->
        <test-method signature="runScenario(io.cucumber.testng.PickleWrapper,io.cucumber.testng.FeatureWrapper)[pri:0, instance:com.iscp.tests.TestRunner@4a22f9e2]" started-at="2022-03-11T02:18:07 IST" name="runScenario" description="Runs Cucumber Scenarios" data-provider="scenarios" finished-at="2022-03-11T02:18:07 IST" duration-ms="6" status="PASS">
          <params>
            <param index="0">
              <value>
                <![CDATA["To test if order is placed successfully"]]>
              </value>
            </param>
            <param index="1">
              <value>
                <![CDATA["Optional[Success Page]"]]>
              </value>
            </param>
          </params>
          <reporter-output>
          </reporter-output>
        </test-method> <!-- runScenario -->
        <test-method is-config="true" signature="tearDownClass()[pri:0, instance:com.iscp.tests.TestRunner@4a22f9e2]" started-at="2022-03-11T02:18:07 IST" name="tearDownClass" finished-at="2022-03-11T02:18:07 IST" duration-ms="310" status="PASS">
          <reporter-output>
          </reporter-output>
        </test-method> <!-- tearDownClass -->
      </class> <!-- com.iscp.tests.TestRunner -->
    </test> <!-- Surefire test -->
  </suite> <!-- Surefire suite -->
</testng-results>
